#
# A fatal error has been detected by the Java Runtime Environment:
#
#  Internal Error (os_windows_x86.cpp:114), pid=75048, tid=73108
#  Error: guarantee(result == -1,"Unexpected result from topLevelExceptionFilter")
#
# JRE version: 6.0_17-b04
# Java VM: Java HotSpot(TM) 64-Bit Server VM (14.3-b01 mixed mode windows-amd64 )
# If you would like to submit a bug report, please visit:
#   http://java.sun.com/webapps/bugreport/crash.jsp
# The crash happened outside the Java Virtual Machine in native code.
# See problematic frame for where to report the bug.
#

---------------  T H R E A D  ---------------

Current thread (0x00000000032f5800):  JavaThread "main" [_thread_in_native, id=73108, stack(0x0000000000030000,0x0000000001530000)]

Stack: [0x0000000000030000,0x0000000001530000]
[error occurred during error reporting (printing stack bounds), id 0xc0000005]

Java frames: (J=compiled Java code, j=interpreted, Vv=VM code)
j  com.mathworks.jmi.NativeMatlab.ProcessPendingEvents()Z+0
j  com.mathworks.jmi.NativeMatlab.processPendingEvents()Z+8
j  com.mathworks.jmi.Matlab$ProcessPendingEvents.callBooleanMethod(Ljava/lang/Object;)Z+0
j  com.mathworks.util.FactoryUtils.processPendingEvents()Z+12
j  com.mathworks.widgets.desk.Desktop.canClose()Z+38
j  com.mathworks.mde.desk.MLDesktop.canClose()Z+113
j  com.mathworks.mde.desk.MLDesktop$2.call()Ljava/lang/Boolean;+4
j  com.mathworks.mde.desk.MLDesktop$2.call()Ljava/lang/Object;+1
j  com.mathworks.jmi.Matlab.isOkToExit()Z+54
v  ~StubRoutines::call_stub
j  com.mathworks.jmi.NativeMatlab.SendMatlabMessage(Ljava/lang/Object;)Ljava/lang/Object;+0
j  com.mathworks.jmi.NativeMatlab.sendMatlabMessage(Ljava/lang/Object;)Ljava/lang/Object;+22
j  com.mathworks.jmi.MatlabLooper.sendMatlabMessage(Lcom/mathworks/services/message/MWMessage;)Ljava/lang/Object;+20
j  com.mathworks.jmi.Matlab.mtFevalConsoleOutput(Ljava/lang/String;[Ljava/lang/Object;I)Ljava/lang/Object;+58
j  com.mathworks.mde.desk.MLDesktop$8.run()V+14
j  com.mathworks.jmi.NativeMatlab.dispatchMTRequests(Z)V+50
v  ~StubRoutines::call_stub

---------------  P R O C E S S  ---------------

Java Threads: ( => current thread )
  0x0000000035131800 JavaThread "Timer-InstrumentReadWritePoll" [_thread_blocked, id=76160, stack(0x0000000008cf0000,0x0000000008d70000)]
  0x0000000035130000 JavaThread "Thread-797" [_thread_in_native, id=73736, stack(0x0000000008ba0000,0x0000000008c20000)]
  0x000000003512e800 JavaThread "Code Analyzer updating thread" [_thread_blocked, id=73436, stack(0x00000000080b0000,0x0000000008130000)]
  0x0000000035127800 JavaThread "Code Analyzer updating thread" [_thread_blocked, id=76740, stack(0x0000000013f70000,0x0000000013ff0000)]
  0x000000003512a800 JavaThread "Active Reference Queue Daemon" daemon [_thread_blocked, id=76392, stack(0x0000000013c90000,0x0000000013d10000)]
  0x0000000035131000 JavaThread "Timer-24" daemon [_thread_blocked, id=64272, stack(0x0000000013e70000,0x0000000013ef0000)]
  0x000000003512e000 JavaThread "RequestQueue for GenericFileList" [_thread_blocked, id=74764, stack(0x0000000014d80000,0x0000000014e00000)]
  0x000000003512c000 JavaThread "Timer-6" daemon [_thread_blocked, id=76348, stack(0x000000003ad40000,0x000000003adc0000)]
  0x0000000035129000 JavaThread "Prefs Updater" daemon [_thread_blocked, id=65248, stack(0x000000002b850000,0x000000002b8d0000)]
  0x0000000035128000 JavaThread "Timer-1" [_thread_blocked, id=4944, stack(0x0000000032600000,0x0000000032680000)]
  0x0000000035126800 JavaThread "FelixPackageAdmin" daemon [_thread_blocked, id=74440, stack(0x000000002a1d0000,0x000000002a250000)]
  0x0000000035126000 JavaThread "FelixStartLevel" daemon [_thread_blocked, id=65280, stack(0x000000000fe80000,0x000000000ff00000)]
  0x0000000005ab7800 JavaThread "FelixDispatchQueue" daemon [_thread_blocked, id=65640, stack(0x0000000028b00000,0x0000000028b80000)]
  0x0000000034238800 JavaThread "TimerQueue" daemon [_thread_blocked, id=67588, stack(0x000000000fdf0000,0x000000000fe70000)]
  0x0000000034219800 JavaThread "AWT-EventQueue-0" [_thread_in_native, id=72776, stack(0x0000000006460000,0x00000000064e0000)]
  0x0000000034172800 JavaThread "com.google.common.base.internal.Finalizer" daemon [_thread_blocked, id=76204, stack(0x00000000063b0000,0x0000000006430000)]
  0x0000000034147800 JavaThread "AWT-Windows" daemon [_thread_in_native, id=70012, stack(0x00000000062b0000,0x0000000006330000)]
  0x0000000033eb7800 JavaThread "AWT-Shutdown" [_thread_blocked, id=76044, stack(0x0000000006060000,0x00000000060e0000)]
  0x0000000033eb6800 JavaThread "Java2D Disposer" daemon [_thread_blocked, id=76132, stack(0x0000000006130000,0x00000000061b0000)]
  0x0000000005bbe000 JavaThread "Timer-0" [_thread_blocked, id=76196, stack(0x0000000005fa0000,0x0000000006020000)]
  0x0000000005b80800 JavaThread "JMI Unnamed Thread" [_thread_in_native, id=71996, stack(0x000000000ae00000,0x000000000c300000)]
  0x000000000fc93800 JavaThread "Low Memory Detector" daemon [_thread_blocked, id=76428, stack(0x000000000c570000,0x000000000c5f0000)]
  0x000000000fc90000 JavaThread "CompilerThread1" daemon [_thread_blocked, id=74468, stack(0x0000000031070000,0x0000000032570000)]
  0x000000000fc85800 JavaThread "CompilerThread0" daemon [_thread_blocked, id=76448, stack(0x000000002fa40000,0x0000000030f40000)]
  0x000000000fc80800 JavaThread "Attach Listener" daemon [_thread_blocked, id=68172, stack(0x000000000c3c0000,0x000000000c440000)]
  0x000000000fc25800 JavaThread "Finalizer" daemon [_thread_blocked, id=68528, stack(0x000000000c300000,0x000000000c380000)]
  0x000000000fc24800 JavaThread "Reference Handler" daemon [_thread_blocked, id=75976, stack(0x000000000c4f0000,0x000000000c570000)]
=>0x00000000032f5800 JavaThread "main" [_thread_in_native, id=73108, stack(0x0000000000030000,0x0000000001530000)]

Other Threads:
  0x000000000fc21000 VMThread [stack: 0x000000002e3b0000,0x000000002f8b0000] [id=73864]
  0x000000000fcbf000 WatcherThread [stack: 0x00000000326c0000,0x0000000033bc0000] [id=74588]

VM state:not at safepoint (normal execution)

VM Mutex/Monitor currently owned by a thread: None

Heap
 PSYoungGen      total 13888K, used 7116K [0x0000000026ad0000, 0x0000000027ad0000, 0x0000000028ad0000)
  eden space 11520K, 46% used [0x0000000026ad0000,0x0000000027002f00,0x0000000027610000)
  from space 2368K, 75% used [0x0000000027610000,0x00000000277d0220,0x0000000027860000)
  to   space 2496K, 0% used [0x0000000027860000,0x0000000027860000,0x0000000027ad0000)
 PSOldGen        total 54912K, used 46499K [0x0000000020ad0000, 0x0000000024070000, 0x0000000026ad0000)
  object space 54912K, 84% used [0x0000000020ad0000,0x0000000023838ca8,0x0000000024070000)
 PSPermGen       total 75840K, used 58480K [0x0000000018ad0000, 0x000000001d4e0000, 0x0000000020ad0000)
  object space 75840K, 77% used [0x0000000018ad0000,0x000000001c3ec048,0x000000001d4e0000)

Dynamic libraries:
0x000000013f2c0000 - 0x000000013f2e9000 	G:\Program Files\MATLAB\R2011a\bin\win64\MATLAB.exe
0x0000000076f90000 - 0x0000000077139000 	C:\Windows\SYSTEM32\ntdll.dll
0x0000000076d70000 - 0x0000000076e8f000 	C:\Windows\system32\kernel32.dll
0x000007fefcdc0000 - 0x000007fefce2c000 	C:\Windows\system32\KERNELBASE.dll
0x0000000074460000 - 0x0000000074569000 	G:\Program Files\MATLAB\R2011a\bin\win64\libut.dll
0x00000000758a0000 - 0x0000000075920000 	G:\Program Files\MATLAB\R2011a\bin\win64\libmwi18n.dll
0x0000000180000000 - 0x000000018000b000 	G:\Program Files\MATLAB\R2011a\bin\win64\libmwresource_core.dll
0x000000006e540000 - 0x000000006e613000 	C:\Windows\WinSxS\amd64_microsoft.vc90.crt_1fc8b3b9a1e18e3b_9.0.30729.6161_none_08e61857a83bc251\MSVCP90.dll
0x000000006e480000 - 0x000000006e523000 	C:\Windows\WinSxS\amd64_microsoft.vc90.crt_1fc8b3b9a1e18e3b_9.0.30729.6161_none_08e61857a83bc251\MSVCR90.dll
0x000000007a3b0000 - 0x000000007a3c0000 	G:\Program Files\MATLAB\R2011a\bin\win64\boost_date_time-vc90-mt-1_40.dll
0x000000007a170000 - 0x000000007a189000 	G:\Program Files\MATLAB\R2011a\bin\win64\boost_filesystem-vc90-mt-1_40.dll
0x000000007a560000 - 0x000000007a569000 	G:\Program Files\MATLAB\R2011a\bin\win64\boost_system-vc90-mt-1_40.dll
0x000000007a2d0000 - 0x000000007a2e2000 	G:\Program Files\MATLAB\R2011a\bin\win64\boost_thread-vc90-mt-1_40.dll
0x000000007a010000 - 0x000000007a035000 	G:\Program Files\MATLAB\R2011a\bin\win64\LIBEXPAT.dll
0x00000000739d0000 - 0x0000000073b8c000 	G:\Program Files\MATLAB\R2011a\bin\win64\icuin42.dll
0x00000000740b0000 - 0x0000000074223000 	G:\Program Files\MATLAB\R2011a\bin\win64\icuuc42.dll
0x000007fefed30000 - 0x000007fefee0b000 	C:\Windows\system32\ADVAPI32.dll
0x000007fefd7f0000 - 0x000007fefd88f000 	C:\Windows\system32\msvcrt.dll
0x000007fefdbb0000 - 0x000007fefdbcf000 	C:\Windows\SYSTEM32\sechost.dll
0x000007fefda80000 - 0x000007fefdbad000 	C:\Windows\system32\RPCRT4.dll
0x0000000010000000 - 0x0000000010f47000 	G:\Program Files\MATLAB\R2011a\bin\win64\icudt42.dll
0x0000000073f70000 - 0x000000007407d000 	G:\Program Files\MATLAB\R2011a\bin\win64\libmwfl.dll
0x0000000001670000 - 0x0000000001703000 	G:\Program Files\MATLAB\R2011a\bin\win64\libmwMATLAB_res.dll
0x000000007a250000 - 0x000000007a263000 	G:\Program Files\MATLAB\R2011a\bin\win64\boost_signals-vc90-mt-1_40.dll
0x0000000001840000 - 0x0000000001886000 	G:\Program Files\MATLAB\R2011a\bin\win64\tbb.dll
0x000007fefec00000 - 0x000007fefec19000 	C:\Windows\system32\imagehlp.dll
0x0000000077150000 - 0x0000000077157000 	C:\Windows\system32\PSAPI.DLL
0x000000007a3d0000 - 0x000000007a3e3000 	G:\Program Files\MATLAB\R2011a\bin\win64\icuio42.dll
0x000007fef9390000 - 0x000007fef94b5000 	C:\Windows\system32\dbghelp.dll
0x0000000076e90000 - 0x0000000076f8a000 	C:\Windows\system32\USER32.dll
0x000007fefd890000 - 0x000007fefd8f7000 	C:\Windows\system32\GDI32.dll
0x000007fefeca0000 - 0x000007fefecae000 	C:\Windows\system32\LPK.dll
0x000007fefd370000 - 0x000007fefd439000 	C:\Windows\system32\USP10.dll
0x000000007bed0000 - 0x000000007c0f5000 	G:\Program Files\MATLAB\R2011a\bin\win64\libmwservices.dll
0x0000000075a20000 - 0x0000000075ab2000 	G:\Program Files\MATLAB\R2011a\bin\win64\libmx.dll
0x000000007a210000 - 0x000000007a226000 	G:\Program Files\MATLAB\R2011a\bin\win64\zlib1.dll
0x0000000074330000 - 0x000000007444b000 	G:\Program Files\MATLAB\R2011a\bin\win64\libmwmathutil.dll
0x00000000658b0000 - 0x0000000065904000 	G:\Program Files\MATLAB\R2011a\bin\win64\mpath.dll
0x000000007b680000 - 0x000000007b982000 	G:\Program Files\MATLAB\R2011a\bin\win64\mlutil.dll
0x0000000065820000 - 0x00000000658a2000 	G:\Program Files\MATLAB\R2011a\bin\win64\xmlcore.dll
0x000000007bc30000 - 0x000000007be83000 	G:\Program Files\MATLAB\R2011a\bin\win64\xerces-c_2_7.dll
0x000007fefd7a0000 - 0x000007fefd7ed000 	C:\Windows\system32\WS2_32.dll
0x000007fefd790000 - 0x000007fefd798000 	C:\Windows\system32\NSI.dll
0x000007fefdbd0000 - 0x000007fefe958000 	C:\Windows\system32\SHELL32.dll
0x000007fefec20000 - 0x000007fefec91000 	C:\Windows\system32\SHLWAPI.dll
0x000007fef7720000 - 0x000007fef77c0000 	C:\Windows\WinSxS\amd64_microsoft.windows.common-controls_6595b64144ccf1df_5.82.7601.18201_none_a4d3b9377117c3df\COMCTL32.dll
0x000007fefd440000 - 0x000007fefd4d7000 	C:\Windows\system32\COMDLG32.dll
0x000007fef9ce0000 - 0x000007fef9cf6000 	C:\Windows\system32\NETAPI32.dll
0x000007fef9cd0000 - 0x000007fef9cdc000 	C:\Windows\system32\netutils.dll
0x000007fefc7f0000 - 0x000007fefc813000 	C:\Windows\system32\srvcli.dll
0x000007fef9cb0000 - 0x000007fef9cc5000 	C:\Windows\system32\wkscli.dll
0x000007fefd160000 - 0x000007fefd363000 	C:\Windows\system32\ole32.dll
0x000007fefd9a0000 - 0x000007fefda77000 	C:\Windows\system32\OLEAUT32.dll
0x0000000074970000 - 0x0000000074a34000 	G:\Program Files\MATLAB\R2011a\bin\win64\mcr.dll
0x0000000075000000 - 0x00000000750e4000 	G:\Program Files\MATLAB\R2011a\bin\win64\iqm.dll
0x0000000001930000 - 0x00000000020cc000 	G:\Program Files\MATLAB\R2011a\bin\win64\m_interpreter.dll
0x000000006c4a0000 - 0x000000006c4af000 	G:\Program Files\MATLAB\R2011a\bin\win64\libmex.dll
0x0000000074c70000 - 0x0000000074d14000 	G:\Program Files\MATLAB\R2011a\bin\win64\m_dispatcher.dll
0x0000000074880000 - 0x0000000074945000 	G:\Program Files\MATLAB\R2011a\bin\win64\boost_regex-vc90-mt-1_40.dll
0x0000000002110000 - 0x000000000218f000 	G:\Program Files\MATLAB\R2011a\bin\win64\profiler.dll
0x0000000079f40000 - 0x0000000079f6c000 	G:\Program Files\MATLAB\R2011a\bin\win64\libmwmathrng.dll
0x000000006b840000 - 0x000000006b860000 	G:\Program Files\MATLAB\R2011a\bin\win64\m_pcodeio.dll
0x0000000079b10000 - 0x0000000079b71000 	G:\Program Files\MATLAB\R2011a\bin\win64\m_ir.dll
0x0000000078d40000 - 0x000000007937b000 	G:\Program Files\MATLAB\R2011a\bin\win64\m_parser.dll
0x0000000069a20000 - 0x0000000069a39000 	G:\Program Files\MATLAB\R2011a\bin\win64\ir_xfmr.dll
0x000000007a9a0000 - 0x000000007abeb000 	G:\Program Files\MATLAB\R2011a\bin\win64\mcos.dll
0x00000000613d0000 - 0x00000000613dc000 	G:\Program Files\MATLAB\R2011a\bin\win64\mtok.dll
0x00000000794c0000 - 0x00000000794eb000 	G:\Program Files\MATLAB\R2011a\bin\win64\m_pcodegen.dll
0x0000000076160000 - 0x00000000761c2000 	G:\Program Files\MATLAB\R2011a\bin\win64\libmwspmatrix.dll
0x0000000079fb0000 - 0x0000000079fde000 	G:\Program Files\MATLAB\R2011a\bin\win64\libmwbridge.dll
0x0000000002240000 - 0x00000000022f9000 	G:\Program Files\MATLAB\R2011a\bin\win64\udd.dll
0x0000000073790000 - 0x00000000738d1000 	G:\Program Files\MATLAB\R2011a\bin\win64\libmwgui.dll
0x00000000613b0000 - 0x00000000613c7000 	G:\Program Files\MATLAB\R2011a\bin\win64\graphics_util.dll
0x0000000002330000 - 0x0000000002bb0000 	G:\Program Files\MATLAB\R2011a\bin\win64\hg.dll
0x0000000076100000 - 0x000000007614f000 	G:\Program Files\MATLAB\R2011a\bin\win64\libmat.dll
0x0000000072d30000 - 0x0000000072f33000 	G:\Program Files\MATLAB\R2011a\bin\win64\libhdf5.dll
0x0000000074730000 - 0x00000000747ab000 	G:\Program Files\MATLAB\R2011a\bin\win64\jmi.dll
0x0000000002bf0000 - 0x0000000002bfe000 	G:\Program Files\MATLAB\R2011a\bin\win64\nativejava_services.dll
0x0000000075e80000 - 0x0000000075ebc000 	G:\Program Files\MATLAB\R2011a\bin\win64\libmwhardcopy.dll
0x0000000075300000 - 0x0000000075358000 	G:\Program Files\MATLAB\R2011a\bin\win64\libuij.dll
0x00000000728e0000 - 0x0000000072ac3000 	G:\Program Files\MATLAB\R2011a\bin\win64\hgdatatypes.dll
0x0000000074ac0000 - 0x0000000074b7c000 	G:\Program Files\MATLAB\R2011a\bin\win64\hgutils.dll
0x0000000074d30000 - 0x0000000074dac000 	G:\Program Files\MATLAB\R2011a\bin\win64\libmwlapack.dll
0x00000000773a0000 - 0x00000000773b2000 	G:\Program Files\MATLAB\R2011a\bin\win64\libmwbinder.dll
0x000000005fc60000 - 0x000000005fc6b000 	G:\Program Files\MATLAB\R2011a\bin\win64\libmwompwrapper.dll
0x0000000002c80000 - 0x0000000002f44000 	G:\Program Files\MATLAB\R2011a\bin\win64\uiw.dll
0x0000000050010000 - 0x000000005001a000 	G:\Program Files\MATLAB\R2011a\bin\win64\uinone.dll
0x0000000077790000 - 0x0000000077c74000 	C:\Windows\WinSxS\amd64_microsoft.vc90.mfc_1fc8b3b9a1e18e3b_9.0.30729.6161_none_044aad0bab1eb146\mfc90.dll
0x000007fef77c0000 - 0x000007fef77c7000 	C:\Windows\system32\MSIMG32.dll
0x000007fef76a0000 - 0x000007fef7711000 	C:\Windows\system32\WINSPOOL.DRV
0x0000000002f70000 - 0x0000000003019000 	G:\Program Files\MATLAB\R2011a\bin\win64\udd_mi.dll
0x00000000795f0000 - 0x000000007960b000 	G:\Program Files\MATLAB\R2011a\bin\win64\mwoles05.DLL
0x0000000003040000 - 0x00000000030ae000 	G:\Program Files\MATLAB\R2011a\bin\win64\comcli.dll
0x0000000069450000 - 0x000000006947f000 	C:\Windows\WinSxS\amd64_microsoft.vc90.atl_1fc8b3b9a1e18e3b_9.0.30729.6161_none_0a1fd3a3a768b895\ATL90.DLL
0x0000000077e60000 - 0x0000000077e6c000 	G:\Program Files\MATLAB\R2011a\bin\win64\mlautoregister.dll
0x00000000030d0000 - 0x00000000030dd000 	G:\Program Files\MATLAB\R2011a\bin\win64\boost_iostreams-vc90-mt-1_40.dll
0x000007fefef80000 - 0x000007fefefae000 	C:\Windows\system32\IMM32.DLL
0x000007fefefb0000 - 0x000007feff0b9000 	C:\Windows\system32\MSCTF.dll
0x000007fefb4e0000 - 0x000007fefb536000 	C:\Windows\system32\UxTheme.dll
0x000007fefab80000 - 0x000007fefab98000 	C:\Windows\system32\dwmapi.dll
0x0000000003120000 - 0x000000000312d000 	C:\Windows\WinSxS\amd64_microsoft.vc90.mfcloc_1fc8b3b9a1e18e3b_9.0.30729.6161_none_01c9581e60cbee58\MFC90ENU.DLL
0x000007fefcda0000 - 0x000007fefcdaf000 	C:\Windows\system32\profapi.dll
0x000007fefcc40000 - 0x000007fefcc4f000 	C:\Windows\system32\CRYPTBASE.dll
0x000007fefb6c0000 - 0x000007fefb8b4000 	C:\Windows\WinSxS\amd64_microsoft.windows.common-controls_6595b64144ccf1df_6.0.7601.17514_none_fa396087175ac9ac\comctl32.dll
0x000007feff0c0000 - 0x000007feff297000 	C:\Windows\system32\SETUPAPI.dll
0x000007fefd060000 - 0x000007fefd096000 	C:\Windows\system32\CFGMGR32.dll
0x000007fefd040000 - 0x000007fefd05a000 	C:\Windows\system32\DEVOBJ.dll
0x000007fefd900000 - 0x000007fefd999000 	C:\Windows\system32\CLBCatQ.DLL
0x000007fefb540000 - 0x000007fefb66c000 	C:\Windows\system32\propsys.dll
0x000007fefbbb0000 - 0x000007fefbbdd000 	C:\Windows\system32\ntmarta.dll
0x000007fefeba0000 - 0x000007fefebf2000 	C:\Windows\system32\WLDAP32.dll
0x0000000003540000 - 0x0000000003569000 	G:\Program Files\MATLAB\R2011a\bin\win64\tbbmalloc.dll
0x000007fef8ab0000 - 0x000007fef8ad7000 	C:\Windows\system32\iphlpapi.dll
0x000007fef8aa0000 - 0x000007fef8aab000 	C:\Windows\system32\WINNSI.DLL
0x000007fefc400000 - 0x000007fefc45b000 	C:\Windows\system32\DNSAPI.dll
0x000007fef88a0000 - 0x000007fef88b8000 	C:\Windows\system32\dhcpcsvc.DLL
0x000007fef8880000 - 0x000007fef8891000 	C:\Windows\system32\dhcpcsvc6.DLL
0x0000000077450000 - 0x0000000077453000 	C:\Windows\system32\icmp.Dll
0x000000000f120000 - 0x000000000f77d000 	G:\Program Files\MATLAB\R2011a\sys\java\jre\win64\jre\bin\server\jvm.dll
0x000007fef97d0000 - 0x000007fef980b000 	C:\Windows\system32\WINMM.dll
0x000000007a440000 - 0x000000007a44e000 	G:\Program Files\MATLAB\R2011a\sys\java\jre\win64\jre\bin\verify.dll
0x000000007a070000 - 0x000000007a097000 	G:\Program Files\MATLAB\R2011a\sys\java\jre\win64\jre\bin\java.dll
0x000000007a540000 - 0x000000007a54a000 	G:\Program Files\MATLAB\R2011a\sys\java\jre\win64\jre\bin\hpi.dll
0x000000007a370000 - 0x000000007a382000 	G:\Program Files\MATLAB\R2011a\sys\java\jre\win64\jre\bin\zip.dll
0x0000000075b90000 - 0x0000000075bfb000 	G:\Program Files\MATLAB\R2011a\sys\java\jre\win64\jre\bin\fontmanager.dll
0x0000000073150000 - 0x0000000073311000 	G:\Program Files\MATLAB\R2011a\sys\java\jre\win64\jre\bin\awt.dll
0x0000000079cf0000 - 0x0000000079d36000 	G:\Program Files\MATLAB\R2011a\bin\win64\nativejmi.dll
0x000000007a600000 - 0x000000007a608000 	G:\Program Files\MATLAB\R2011a\bin\win64\nativeservices.dll

VM Arguments:
jvm_args: -Xss512k -XX:PermSize=32m -Xms64m -XX:NewRatio=3 -XX:MaxPermSize=128m -Xmx128m -XX:MaxDirectMemorySize=2147400000 -Dsun.java2d.noddraw=true -Dsun.awt.nopixfmt=true -Xshare:off -Xrs -Dsun.awt.disableMixing=true -Djava.library.path=G:\Program Files\MATLAB\R2011a\bin\win64 vfprintf abort 
java_command: <unknown>
Launcher Type: generic

Environment Variables:
JAVA_HOME=G:\Program Files\Java\jdk1.7.0_67
CLASSPATH=.;C:\Program Files (x86)\Java\jre7\lib\ext\QTJava.zip
PATH=C:\ProgramData\Oracle\Java\javapath;C:\Program Files (x86)\NVIDIA Corporation\PhysX\Common;ommonProgramFiles\Microsoft Shared\Windows Live;C:\Program Files (x86)\Intel\iCLS Client\;C:\Program Files\Intel\iCLS Client\;C:\Windows\system32;C:\Windows;C:\Windows\System32\Wbem;C:\Windows\System32\WindowsPowerShell\v1.0\;C:\Program Files (x86)\Intel\OpenCL SDK\2.0\bin\x86;C:\Program Files (x86)\Intel\OpenCL SDK\2.0\bin\x64;C:\Program Files\Intel\Intel(R) Management Engine Components\DAL;C:\Program Files\Intel\Intel(R) Management Engine Components\IPT;C:\Program Files (x86)\Intel\Intel(R) Management Engine Components\DAL;C:\Program Files (x86)\Intel\Intel(R) Management Engine Components\IPT;C:\Program Files (x86)\QuickTime\QTSystem\;C:\Program Files\Common Files\Autodesk Shared\;G:\Program Files\MATLAB\R2011a\runtime\win64;G:\Program Files\MATLAB\R2011a\bin;C:\Program Files\Common Files\Microsoft Shared\Windows Live
USERNAME=Jacob
OS=Windows_NT
PROCESSOR_IDENTIFIER=Intel64 Family 6 Model 58 Stepping 9, GenuineIntel



---------------  S Y S T E M  ---------------

OS: Windows 7 Build 7601 Service Pack 1

CPU:total 4 (8 cores per cpu, 2 threads per core) family 6 model 58 stepping 9, cmov, cx8, fxsr, mmx, sse, sse2, sse3, ssse3, sse4.1, sse4.2, ht

Memory: 4k page, physical 16717512k(6973684k free), swap 33433160k(22991492k free)

vm_info: Java HotSpot(TM) 64-Bit Server VM (14.3-b01) for windows-amd64 JRE (1.6.0_17-b04), built on Oct 11 2009 00:46:08 by "java_re" with MS VC++ 8.0

time: Thu Oct 23 21:13:55 2014
elapsed time: 3051 seconds

